[2020-05-07 16:37:59.359] [exthost] [info] extension host started
[2020-05-07 16:37:59.407] [exthost] [info] ExtensionService#_doActivateExtension vscode.debug-auto-launch {"startup":true,"extensionId":{"value":"vscode.debug-auto-launch","_lower":"vscode.debug-auto-launch"},"activationEvent":"*"}
[2020-05-07 16:37:59.408] [exthost] [info] ExtensionService#loadCommonJSModule file:///snap/code/31/usr/share/code/resources/app/extensions/debug-auto-launch/dist/extension
[2020-05-07 16:37:59.782] [exthost] [info] ExtensionService#_doActivateExtension vscode.emmet {"startup":true,"extensionId":{"value":"vscode.emmet","_lower":"vscode.emmet"},"activationEvent":"*"}
[2020-05-07 16:37:59.782] [exthost] [info] ExtensionService#loadCommonJSModule file:///snap/code/31/usr/share/code/resources/app/extensions/emmet/dist/extension
[2020-05-07 16:37:59.933] [exthost] [info] ExtensionService#_doActivateExtension vscode.git {"startup":true,"extensionId":{"value":"vscode.git","_lower":"vscode.git"},"activationEvent":"*"}
[2020-05-07 16:37:59.933] [exthost] [info] ExtensionService#loadCommonJSModule file:///snap/code/31/usr/share/code/resources/app/extensions/git/dist/main
[2020-05-07 16:38:00.062] [exthost] [info] ExtensionService#_doActivateExtension vscode.github-authentication {"startup":true,"extensionId":{"value":"vscode.github-authentication","_lower":"vscode.github-authentication"},"activationEvent":"*"}
[2020-05-07 16:38:00.062] [exthost] [info] ExtensionService#loadCommonJSModule file:///snap/code/31/usr/share/code/resources/app/extensions/github-authentication/dist/extension.js
[2020-05-07 16:38:00.091] [exthost] [info] ExtensionService#_doActivateExtension vscode.merge-conflict {"startup":true,"extensionId":{"value":"vscode.merge-conflict","_lower":"vscode.merge-conflict"},"activationEvent":"*"}
[2020-05-07 16:38:00.091] [exthost] [info] ExtensionService#loadCommonJSModule file:///snap/code/31/usr/share/code/resources/app/extensions/merge-conflict/dist/extension
[2020-05-07 16:38:00.217] [exthost] [info] ExtensionService#_doActivateExtension vscode.search-result {"startup":true,"extensionId":{"value":"vscode.search-result","_lower":"vscode.search-result"},"activationEvent":"*"}
[2020-05-07 16:38:00.217] [exthost] [info] ExtensionService#loadCommonJSModule file:///snap/code/31/usr/share/code/resources/app/extensions/search-result/dist/extension.js
[2020-05-07 16:38:00.246] [exthost] [info] ExtensionService#_doActivateExtension vscode.vscode-account {"startup":true,"extensionId":{"value":"vscode.vscode-account","_lower":"vscode.vscode-account"},"activationEvent":"*"}
[2020-05-07 16:38:00.246] [exthost] [info] ExtensionService#loadCommonJSModule file:///snap/code/31/usr/share/code/resources/app/extensions/vscode-account/dist/extension.js
[2020-05-07 16:38:00.439] [exthost] [info] ExtensionService#_doActivateExtension jakethashi.vscode-angular2-emmet {"startup":true,"extensionId":{"value":"jakethashi.vscode-angular2-emmet","_lower":"jakethashi.vscode-angular2-emmet"},"activationEvent":"*"}
[2020-05-07 16:38:00.439] [exthost] [info] ExtensionService#loadCommonJSModule file:///root/.vscode/extensions/jakethashi.vscode-angular2-emmet-2.0.3/out/src/extension
[2020-05-07 16:38:06.707] [exthost] [info] ExtensionService#_doActivateExtension joelday.docthis {"startup":true,"extensionId":{"value":"joelday.docthis","_lower":"joelday.docthis"},"activationEvent":"*"}
[2020-05-07 16:38:06.707] [exthost] [info] ExtensionService#loadCommonJSModule file:///root/.vscode/extensions/joelday.docthis-0.7.1/out/src/extension
[2020-05-07 16:38:08.848] [exthost] [info] ExtensionService#_doActivateExtension PKief.material-icon-theme {"startup":true,"extensionId":{"value":"PKief.material-icon-theme","_lower":"pkief.material-icon-theme"},"activationEvent":"*"}
[2020-05-07 16:38:08.848] [exthost] [info] ExtensionService#loadCommonJSModule file:///root/.vscode/extensions/pkief.material-icon-theme-4.1.0/dist/extension
[2020-05-07 16:38:09.326] [exthost] [info] ExtensionService#_doActivateExtension vscode-icons-team.vscode-icons {"startup":true,"extensionId":{"value":"vscode-icons-team.vscode-icons","_lower":"vscode-icons-team.vscode-icons"},"activationEvent":"*"}
[2020-05-07 16:38:09.326] [exthost] [info] ExtensionService#loadCommonJSModule file:///root/.vscode/extensions/vscode-icons-team.vscode-icons-10.1.1/dist/src/vscode-icons.bundle.js
[2020-05-07 16:38:09.809] [exthost] [info] eager extensions activated
[2020-05-07 16:38:26.317] [exthost] [info] ExtensionService#_doActivateExtension vscode.configuration-editing {"startup":false,"extensionId":{"value":"vscode.configuration-editing","_lower":"vscode.configuration-editing"},"activationEvent":"onLanguage:jsonc"}
[2020-05-07 16:38:26.317] [exthost] [info] ExtensionService#loadCommonJSModule file:///snap/code/31/usr/share/code/resources/app/extensions/configuration-editing/dist/extension
[2020-05-07 16:38:26.469] [exthost] [info] ExtensionService#_doActivateExtension vscode.json-language-features {"startup":false,"extensionId":{"value":"vscode.json-language-features","_lower":"vscode.json-language-features"},"activationEvent":"onLanguage:jsonc"}
[2020-05-07 16:38:26.469] [exthost] [info] ExtensionService#loadCommonJSModule file:///snap/code/31/usr/share/code/resources/app/extensions/json-language-features/client/dist/jsonMain
[2020-05-07 16:38:26.836] [exthost] [info] ExtensionService#_doActivateExtension vscode.typescript-language-features {"startup":false,"extensionId":{"value":"vscode.typescript-language-features","_lower":"vscode.typescript-language-features"},"activationEvent":"onLanguage:jsonc"}
[2020-05-07 16:38:26.836] [exthost] [info] ExtensionService#loadCommonJSModule file:///snap/code/31/usr/share/code/resources/app/extensions/typescript-language-features/dist/extension
[2020-05-07 16:39:38.128] [exthost] [info] ExtensionService#_doActivateExtension kisstkondoros.vscode-codemetrics {"startup":false,"extensionId":{"value":"kisstkondoros.vscode-codemetrics","_lower":"kisstkondoros.vscode-codemetrics"},"activationEvent":"onLanguage:javascript"}
[2020-05-07 16:39:38.128] [exthost] [info] ExtensionService#loadCommonJSModule file:///root/.vscode/extensions/kisstkondoros.vscode-codemetrics-1.24.0/dist/extension
[2020-05-07 16:43:48.970] [exthost] [info] ExtensionService#_doActivateExtension vscode.extension-editing {"startup":false,"extensionId":{"value":"vscode.extension-editing","_lower":"vscode.extension-editing"},"activationEvent":"onLanguage:typescript"}
[2020-05-07 16:43:49.006] [exthost] [info] ExtensionService#loadCommonJSModule file:///snap/code/31/usr/share/code/resources/app/extensions/extension-editing/dist/extension
